0 verbose cli /usr/bin/node /usr/local/bin/npm
1 info using npm@10.8.2
2 info using node@v18.19.1
3 silly config load:file:/usr/local/lib/node_modules/npm/npmrc
4 silly config load:file:/home/ubuntu/.npmrc
5 silly config load:file:/etc/npmrc
6 verbose title npm install npm-check-updates
7 verbose argv "install" "--global" "npm-check-updates"
8 verbose logfile logs-max:10 dir:/home/ubuntu/.npm/_logs/2024-08-13T04_50_29_628Z-
9 verbose logfile /home/ubuntu/.npm/_logs/2024-08-13T04_50_29_628Z-debug-0.log
10 silly packumentCache heap:514588672 maxSize:128647168 maxEntrySize:64323584
11 silly logfile start cleaning logs, removing 1 files
12 silly logfile done cleaning log files
13 silly idealTree buildDeps
14 silly fetch manifest npm-check-updates@*
15 silly packumentCache full:https://registry.npmjs.org/npm-check-updates cache-miss
16 http fetch GET 200 https://registry.npmjs.org/npm-check-updates 307ms (cache miss)
17 silly packumentCache full:https://registry.npmjs.org/npm-check-updates set size:undefined disposed:false
18 silly placeDep ROOT npm-check-updates@17.0.6 OK for:  want: *
19 silly reify moves {}
20 verbose stack Error: EACCES: permission denied, mkdir '/usr/local/lib/node_modules/npm-check-updates'
21 error code EACCES
22 error syscall mkdir
23 error path /usr/local/lib/node_modules/npm-check-updates
24 error errno -13
25 error [Error: EACCES: permission denied, mkdir '/usr/local/lib/node_modules/npm-check-updates'] {
25 error   errno: -13,
25 error   code: 'EACCES',
25 error   syscall: 'mkdir',
25 error   path: '/usr/local/lib/node_modules/npm-check-updates'
25 error }
26 error
26 error The operation was rejected by your operating system.
26 error It is likely you do not have the permissions to access this file as the current user
26 error
26 error If you believe this might be a permissions issue, please double-check the
26 error permissions of the file and its containing directories, or try running
26 error the command again as root/Administrator.
27 silly unfinished npm timer reify 1723524630313
28 silly unfinished npm timer reify:createSparse 1723524630733
29 verbose cwd /home/ubuntu/brand-influencer-platform
30 verbose os Linux 6.8.0-1009-aws
31 verbose node v18.19.1
32 verbose npm  v10.8.2
33 verbose exit -13
34 verbose code -13
35 error A complete log of this run can be found in: /home/ubuntu/.npm/_logs/2024-08-13T04_50_29_628Z-debug-0.log
